[13:15:05] [ServerMain/INFO]: [bootstrap] Running Java 25 (OpenJDK 64-Bit Server VM 25.0.1+8-LTS; Microsoft Microsoft-12574222) on Linux 6.8.0-1030-azure (amd64)
[13:15:05] [ServerMain/INFO]: [bootstrap] Loading Paper 1.21.11-113-main@6103cc7 (2026-02-10T20:27:23Z) for Minecraft 1.21.11
[13:15:05] [ServerMain/INFO]: [PluginInitializerManager] Initializing plugins...
[13:15:05] [ServerMain/INFO]: [PluginInitializerManager] Initialized 0 plugins
[13:15:06] [Paper Plugin Remapper Thread - 0/INFO]: [ReobfServer] Remapping server...
[13:15:11] [ServerMain/INFO]: Environment: Environment[sessionHost=https://sessionserver.mojang.com, servicesHost=https://api.minecraftservices.com, profilesHost=https://api.mojang.com, name=PROD]
[13:15:13] [ServerMain/INFO]: Found new data pack file/bukkit, loading it automatically
[13:15:13] [ServerMain/INFO]: Found new data pack paper, loading it automatically
[13:15:14] [ServerMain/INFO]: No existing world data, creating new world
[13:15:14] [Paper Plugin Remapper Thread - 0/INFO]: [ReobfServer] Done remapping server in 7808ms.
[13:15:15] [ServerMain/INFO]: Loaded 1470 recipes
[13:15:15] [ServerMain/INFO]: Loaded 1584 advancements
[13:15:15] [ServerMain/INFO]: [ca.spottedleaf.dataconverter.minecraft.datatypes.MCTypeRegistry] Initialising converters for DataConverter...
[13:15:15] [ServerMain/INFO]: [ca.spottedleaf.dataconverter.minecraft.datatypes.MCTypeRegistry] Finished initialising converters for DataConverter in 440.7ms
[13:15:16] [Server thread/INFO]: Starting minecraft server version 1.21.11
[13:15:16] [Server thread/INFO]: Loading properties
[13:15:16] [Server thread/INFO]: This server is running Paper version 1.21.11-113-main@6103cc7 (2026-02-10T20:27:23Z) (Implementing API version 1.21.11-R0.1-SNAPSHOT)
[13:15:16] [Server thread/INFO]: [spark] This server bundles the spark profiler. For more information please visit https://docs.papermc.io/paper/profiling
[13:15:16] [Server thread/INFO]: Server Ping Player Sample Count: 12
[13:15:16] [Server thread/INFO]: Using 4 threads for Netty based IO
[13:15:16] [Server thread/INFO]: [MoonriseCommon] Paper is using 1 worker threads, 1 I/O threads
[13:15:17] [Server thread/INFO]: Default game type: SURVIVAL
[13:15:17] [Server thread/INFO]: Generating keypair
[13:15:17] [Server thread/INFO]: Starting Minecraft server on *:25565
[13:15:17] [Server thread/INFO]: Paper: Using libdeflate (Linux x86_64) compression from Velocity.
[13:15:17] [Server thread/INFO]: Paper: Using OpenSSL 3.x.x (Linux x86_64) cipher from Velocity.
[13:15:17] [Server thread/INFO]: Preparing level "world"
[13:15:17] [Server thread/INFO]: [ca.spottedleaf.moonrise.common.util.MoonriseConstants] NUMA enable flag is not set; however there is NUMA interaction support for this OS.
[13:15:17] [Server thread/INFO]: [ca.spottedleaf.moonrise.common.util.MoonriseConstants] Detected 1 NUMA nodes.
[13:15:17] [Server thread/INFO]: Selecting spawn point for world 'minecraft:overworld'...
[13:15:29] [Server thread/INFO]: Selecting spawn point for world 'minecraft:the_nether'...
[13:15:30] [Server thread/INFO]: Selecting spawn point for world 'minecraft:the_end'...
[13:15:30] [Server thread/INFO]: Loading 0 persistent chunks for world 'minecraft:overworld'...
[13:15:30] [Server thread/INFO]: Preparing spawn area: 100%
[13:15:30] [Server thread/INFO]: Prepared spawn area in 12958 ms
[13:15:30] [Server thread/INFO]: Loading 0 persistent chunks for world 'minecraft:the_nether'...
[13:15:30] [Server thread/INFO]: Preparing spawn area: 100%
[13:15:30] [Server thread/INFO]: Prepared spawn area in 1402 ms
[13:15:30] [Server thread/INFO]: Loading 0 persistent chunks for world 'minecraft:the_end'...
[13:15:30] [Server thread/INFO]: Preparing spawn area: 100%
[13:15:30] [Server thread/INFO]: Prepared spawn area in 338 ms
[13:15:30] [Server thread/INFO]: Done preparing level "world" (13.471s)
[13:15:31] [Server thread/INFO]: [spark] Starting background profiler...
[13:15:31] [Server thread/INFO]: Running delayed init tasks
[13:15:31] [Server thread/INFO]: Done (27.712s)! For help, type "help"
[13:15:31] [Server thread/INFO]: *************************************************************************************
[13:15:31] [Server thread/INFO]: This is the first time you're starting this server.
[13:15:31] [Server thread/INFO]: It's recommended you read our 'Getting Started' documentation for guidance.
[13:15:31] [Server thread/INFO]: View this and more helpful information here: https://docs.papermc.io/paper/next-steps
[13:15:31] [Server thread/INFO]: *************************************************************************************
[13:15:31] [Paper Async Task Handler Thread - 1/INFO]: *** Currently you are 2 build(s) behind ***
[13:15:31] [Paper Async Task Handler Thread - 1/INFO]: *** It is highly recommended to download the latest build from https://papermc.io/downloads/paper ***
[13:26:48] [Server thread/INFO]: Stopping the server
[13:26:48] [Server thread/INFO]: Stopping server
[13:26:48] [Server thread/INFO]: Saving players
[13:26:48] [Server thread/INFO]: Saving worlds
[13:26:48] [Server thread/INFO]: Saving chunks for level 'ServerLevel[world]'/minecraft:overworld
[13:26:48] [Server thread/INFO]: [ChunkHolderManager] Waiting 60s for chunk system to halt for world 'world'
[13:26:48] [Server thread/INFO]: [ChunkHolderManager] Halted chunk system for world 'world'
[13:26:48] [Server thread/INFO]: [ChunkHolderManager] Saving all chunkholders for world 'world'
[13:26:48] [Server thread/INFO]: [ChunkHolderManager] Saved 0 block chunks, 0 entity chunks, 0 poi chunks in world 'world' in 0.00s
[13:26:48] [Server thread/INFO]: [ChunkHolderManager] Waiting 60s for chunk I/O to halt for world 'world'
[13:26:48] [Server thread/INFO]: [ChunkHolderManager] Halted I/O scheduler for world 'world'
[13:26:48] [Server thread/INFO]: Saving chunks for level 'ServerLevel[world_nether]'/minecraft:the_nether
[13:26:48] [Server thread/INFO]: [ChunkHolderManager] Waiting 60s for chunk system to halt for world 'world_nether'
[13:26:48] [Server thread/INFO]: [ChunkHolderManager] Halted chunk system for world 'world_nether'
[13:26:48] [Server thread/INFO]: [ChunkHolderManager] Saving all chunkholders for world 'world_nether'
[13:26:48] [Server thread/INFO]: [ChunkHolderManager] Saved 0 block chunks, 0 entity chunks, 0 poi chunks in world 'world_nether' in 0.00s
[13:26:48] [Server thread/INFO]: [ChunkHolderManager] Waiting 60s for chunk I/O to halt for world 'world_nether'
[13:26:48] [Server thread/INFO]: [ChunkHolderManager] Halted I/O scheduler for world 'world_nether'
[13:26:48] [Server thread/INFO]: Saving chunks for level 'ServerLevel[world_the_end]'/minecraft:the_end
[13:26:48] [Server thread/INFO]: [ChunkHolderManager] Waiting 60s for chunk system to halt for world 'world_the_end'
[13:26:48] [Server thread/INFO]: [ChunkHolderManager] Halted chunk system for world 'world_the_end'
[13:26:48] [Server thread/INFO]: [ChunkHolderManager] Saving all chunkholders for world 'world_the_end'
[13:26:48] [Server thread/INFO]: [ChunkHolderManager] Saved 0 block chunks, 0 entity chunks, 0 poi chunks in world 'world_the_end' in 0.00s
[13:26:48] [Server thread/INFO]: [ChunkHolderManager] Waiting 60s for chunk I/O to halt for world 'world_the_end'
[13:26:48] [Server thread/INFO]: [ChunkHolderManager] Halted I/O scheduler for world 'world_the_end'
[13:26:48] [Server thread/INFO]: ThreadedAnvilChunkStorage (world): All chunks are saved
[13:26:48] [Server thread/INFO]: ThreadedAnvilChunkStorage (DIM-1): All chunks are saved
[13:26:48] [Server thread/INFO]: ThreadedAnvilChunkStorage (DIM1): All chunks are saved
[13:26:48] [Server thread/INFO]: ThreadedAnvilChunkStorage: All dimensions are saved
[13:26:48] [Server thread/INFO]: Waiting for all RegionFile I/O tasks to complete...
[13:26:48] [Server thread/INFO]: All RegionFile I/O tasks to complete
[13:26:48] [Server thread/INFO]: [MoonriseCommon] Awaiting termination of worker pool for up to 60s...
[13:26:48] [Server thread/INFO]: [MoonriseCommon] Awaiting termination of I/O pool for up to 60s...
